{"/Users/ericawolf/Documents/GitHub/cs-618-web-dev/backend/src/db/init.js": {"path":"/Users/ericawolf/Documents/GitHub/cs-618-web-dev/backend/src/db/init.js","statementMap":{"0":{"start":{"line":4,"column":23},"end":{"line":4,"column":47}},"1":{"start":{"line":5,"column":2},"end":{"line":7,"column":4}},"2":{"start":{"line":6,"column":4},"end":{"line":6,"column":69}},"3":{"start":{"line":8,"column":21},"end":{"line":8,"column":51}},"4":{"start":{"line":9,"column":2},"end":{"line":9,"column":19}}},"fnMap":{"0":{"name":"initDatabase","decl":{"start":{"line":3,"column":16},"end":{"line":3,"column":28}},"loc":{"start":{"line":3,"column":31},"end":{"line":10,"column":1}},"line":3},"1":{"name":"(anonymous_1)","decl":{"start":{"line":5,"column":33},"end":{"line":5,"column":34}},"loc":{"start":{"line":5,"column":39},"end":{"line":7,"column":3}},"line":5}},"branchMap":{},"s":{"0":1,"1":1,"2":1,"3":1,"4":1},"f":{"0":1,"1":1},"b":{},"_coverageSchema":"1a1c01bbd47fc00a2c39e90264f33305004495a9","hash":"12414e848eded33869f343e0e1e049d607a37c7e"}
,"/Users/ericawolf/Documents/GitHub/cs-618-web-dev/backend/src/db/models/post.js": {"path":"/Users/ericawolf/Documents/GitHub/cs-618-web-dev/backend/src/db/models/post.js","statementMap":{"0":{"start":{"line":3,"column":19},"end":{"line":11,"column":1}},"1":{"start":{"line":13,"column":20},"end":{"line":13,"column":54}}},"fnMap":{},"branchMap":{},"s":{"0":1,"1":1},"f":{},"b":{},"_coverageSchema":"1a1c01bbd47fc00a2c39e90264f33305004495a9","hash":"28ade89f410f94ad403e2b21a53ea241739783a7"}
,"/Users/ericawolf/Documents/GitHub/cs-618-web-dev/backend/src/db/models/user.js": {"path":"/Users/ericawolf/Documents/GitHub/cs-618-web-dev/backend/src/db/models/user.js","statementMap":{"0":{"start":{"line":2,"column":19},"end":{"line":5,"column":2}},"1":{"start":{"line":6,"column":20},"end":{"line":6,"column":54}}},"fnMap":{},"branchMap":{},"s":{"0":1,"1":1},"f":{},"b":{},"_coverageSchema":"1a1c01bbd47fc00a2c39e90264f33305004495a9","hash":"993828e559d6c5ec65158136c022718530bcb742"}
,"/Users/ericawolf/Documents/GitHub/cs-618-web-dev/backend/src/services/posts.js": {"path":"/Users/ericawolf/Documents/GitHub/cs-618-web-dev/backend/src/services/posts.js","statementMap":{"0":{"start":{"line":5,"column":15},"end":{"line":5,"column":66}},"1":{"start":{"line":6,"column":2},"end":{"line":6,"column":26}},"2":{"start":{"line":13,"column":2},"end":{"line":13,"column":61}},"3":{"start":{"line":17,"column":2},"end":{"line":17,"column":37}},"4":{"start":{"line":21,"column":15},"end":{"line":21,"column":63}},"5":{"start":{"line":22,"column":2},"end":{"line":22,"column":22}},"6":{"start":{"line":22,"column":13},"end":{"line":22,"column":22}},"7":{"start":{"line":23,"column":2},"end":{"line":23,"column":55}},"8":{"start":{"line":27,"column":2},"end":{"line":27,"column":43}},"9":{"start":{"line":31,"column":2},"end":{"line":31,"column":36}},"10":{"start":{"line":35,"column":2},"end":{"line":39,"column":3}},"11":{"start":{"line":43,"column":2},"end":{"line":43,"column":62}}},"fnMap":{"0":{"name":"createPost","decl":{"start":{"line":4,"column":22},"end":{"line":4,"column":32}},"loc":{"start":{"line":4,"column":68},"end":{"line":7,"column":1}},"line":4},"1":{"name":"listPosts","decl":{"start":{"line":9,"column":15},"end":{"line":9,"column":24}},"loc":{"start":{"line":12,"column":2},"end":{"line":14,"column":1}},"line":12},"2":{"name":"listAllPosts","decl":{"start":{"line":16,"column":22},"end":{"line":16,"column":34}},"loc":{"start":{"line":16,"column":44},"end":{"line":18,"column":1}},"line":16},"3":{"name":"listPostsByAuthor","decl":{"start":{"line":20,"column":22},"end":{"line":20,"column":39}},"loc":{"start":{"line":20,"column":65},"end":{"line":24,"column":1}},"line":20},"4":{"name":"listPostsByTag","decl":{"start":{"line":26,"column":22},"end":{"line":26,"column":36}},"loc":{"start":{"line":26,"column":52},"end":{"line":28,"column":1}},"line":26},"5":{"name":"getPostById","decl":{"start":{"line":30,"column":22},"end":{"line":30,"column":33}},"loc":{"start":{"line":30,"column":42},"end":{"line":32,"column":1}},"line":30},"6":{"name":"updatePost","decl":{"start":{"line":34,"column":22},"end":{"line":34,"column":32}},"loc":{"start":{"line":34,"column":76},"end":{"line":40,"column":1}},"line":34},"7":{"name":"deletePost","decl":{"start":{"line":42,"column":22},"end":{"line":42,"column":32}},"loc":{"start":{"line":42,"column":49},"end":{"line":44,"column":1}},"line":42}},"branchMap":{"0":{"loc":{"start":{"line":10,"column":2},"end":{"line":10,"column":12}},"type":"default-arg","locations":[{"start":{"line":10,"column":10},"end":{"line":10,"column":12}}],"line":10},"1":{"loc":{"start":{"line":11,"column":2},"end":{"line":11,"column":57}},"type":"default-arg","locations":[{"start":{"line":11,"column":55},"end":{"line":11,"column":57}}],"line":11},"2":{"loc":{"start":{"line":11,"column":4},"end":{"line":11,"column":24}},"type":"default-arg","locations":[{"start":{"line":11,"column":13},"end":{"line":11,"column":24}}],"line":11},"3":{"loc":{"start":{"line":11,"column":26},"end":{"line":11,"column":50}},"type":"default-arg","locations":[{"start":{"line":11,"column":38},"end":{"line":11,"column":50}}],"line":11},"4":{"loc":{"start":{"line":22,"column":2},"end":{"line":22,"column":22}},"type":"if","locations":[{"start":{"line":22,"column":2},"end":{"line":22,"column":22}},{"start":{},"end":{}}],"line":22}},"s":{"0":3,"1":3,"2":5,"3":3,"4":1,"5":1,"6":0,"7":1,"8":1,"9":2,"10":4,"11":2},"f":{"0":3,"1":5,"2":3,"3":1,"4":1,"5":2,"6":4,"7":2},"b":{"0":[0],"1":[4],"2":[4],"3":[4],"4":[0,1]},"_coverageSchema":"1a1c01bbd47fc00a2c39e90264f33305004495a9","hash":"74744d8c3fe91833e8f5843a61fb107c3bc66b9e"}
,"/Users/ericawolf/Documents/GitHub/cs-618-web-dev/backend/src/services/users.js": {"path":"/Users/ericawolf/Documents/GitHub/cs-618-web-dev/backend/src/services/users.js","statementMap":{"0":{"start":{"line":6,"column":25},"end":{"line":6,"column":56}},"1":{"start":{"line":7,"column":15},"end":{"line":7,"column":63}},"2":{"start":{"line":8,"column":2},"end":{"line":8,"column":26}},"3":{"start":{"line":12,"column":15},"end":{"line":12,"column":47}},"4":{"start":{"line":13,"column":2},"end":{"line":15,"column":3}},"5":{"start":{"line":14,"column":4},"end":{"line":14,"column":40}},"6":{"start":{"line":16,"column":28},"end":{"line":16,"column":73}},"7":{"start":{"line":17,"column":2},"end":{"line":19,"column":3}},"8":{"start":{"line":18,"column":4},"end":{"line":18,"column":40}},"9":{"start":{"line":20,"column":16},"end":{"line":22,"column":4}},"10":{"start":{"line":23,"column":2},"end":{"line":23,"column":14}},"11":{"start":{"line":27,"column":2},"end":{"line":33,"column":3}},"12":{"start":{"line":28,"column":17},"end":{"line":28,"column":44}},"13":{"start":{"line":29,"column":4},"end":{"line":29,"column":42}},"14":{"start":{"line":29,"column":15},"end":{"line":29,"column":42}},"15":{"start":{"line":30,"column":4},"end":{"line":30,"column":38}},"16":{"start":{"line":32,"column":4},"end":{"line":32,"column":31}}},"fnMap":{"0":{"name":"createUser","decl":{"start":{"line":5,"column":22},"end":{"line":5,"column":32}},"loc":{"start":{"line":5,"column":57},"end":{"line":9,"column":1}},"line":5},"1":{"name":"loginUser","decl":{"start":{"line":11,"column":22},"end":{"line":11,"column":31}},"loc":{"start":{"line":11,"column":56},"end":{"line":24,"column":1}},"line":11},"2":{"name":"getUserInfoById","decl":{"start":{"line":26,"column":22},"end":{"line":26,"column":37}},"loc":{"start":{"line":26,"column":46},"end":{"line":34,"column":1}},"line":26}},"branchMap":{"0":{"loc":{"start":{"line":13,"column":2},"end":{"line":15,"column":3}},"type":"if","locations":[{"start":{"line":13,"column":2},"end":{"line":15,"column":3}},{"start":{},"end":{}}],"line":13},"1":{"loc":{"start":{"line":17,"column":2},"end":{"line":19,"column":3}},"type":"if","locations":[{"start":{"line":17,"column":2},"end":{"line":19,"column":3}},{"start":{},"end":{}}],"line":17},"2":{"loc":{"start":{"line":29,"column":4},"end":{"line":29,"column":42}},"type":"if","locations":[{"start":{"line":29,"column":4},"end":{"line":29,"column":42}},{"start":{},"end":{}}],"line":29}},"s":{"0":1,"1":1,"2":1,"3":0,"4":0,"5":0,"6":0,"7":0,"8":0,"9":0,"10":0,"11":0,"12":0,"13":0,"14":0,"15":0,"16":0},"f":{"0":1,"1":0,"2":0},"b":{"0":[0,0],"1":[0,0],"2":[0,0]},"_coverageSchema":"1a1c01bbd47fc00a2c39e90264f33305004495a9","hash":"336280fdebc75a2c40d26021f41f2a961b7ff048"}
}
