TN:
SF:src/db/init.js
FN:3,initDatabase
FN:5,(anonymous_1)
FNF:2
FNH:2
FNDA:1,initDatabase
FNDA:1,(anonymous_1)
DA:4,1
DA:5,1
DA:6,1
DA:8,1
DA:9,1
LF:5
LH:5
BRF:0
BRH:0
end_of_record
TN:
SF:src/db/models/recipe.js
FNF:0
FNH:0
DA:3,1
DA:21,1
LF:2
LH:2
BRF:0
BRH:0
end_of_record
TN:
SF:src/db/models/user.js
FNF:0
FNH:0
DA:2,1
DA:6,1
LF:2
LH:2
BRF:0
BRH:0
end_of_record
TN:
SF:src/services/recipes.js
FN:4,createRecipe
FN:21,listRecipes
FN:28,listAllRecipes
FN:32,listRecipesByAuthor
FN:38,listRecipesByTag
FN:42,getRecipeById
FN:46,updateRecipe
FN:68,deleteRecipe
FNF:8
FNH:8
FNDA:3,createRecipe
FNDA:5,listRecipes
FNDA:3,listAllRecipes
FNDA:1,listRecipesByAuthor
FNDA:1,listRecipesByTag
FNDA:2,getRecipeById
FNDA:4,updateRecipe
FNDA:2,deleteRecipe
DA:8,3
DA:18,3
DA:25,5
DA:29,3
DA:33,1
DA:34,1
DA:35,1
DA:39,1
DA:43,2
DA:51,4
DA:69,2
LF:11
LH:11
BRDA:22,0,0,0
BRDA:23,1,0,4
BRDA:23,2,0,4
BRDA:23,3,0,4
BRDA:34,4,0,0
BRDA:34,4,1,1
BRF:6
BRH:4
end_of_record
TN:
SF:src/services/users.js
FN:5,createUser
FN:11,loginUser
FN:26,getUserInfoById
FNF:3
FNH:1
FNDA:16,createUser
FNDA:0,loginUser
FNDA:0,getUserInfoById
DA:6,16
DA:7,16
DA:8,16
DA:12,0
DA:13,0
DA:14,0
DA:16,0
DA:17,0
DA:18,0
DA:20,0
DA:23,0
DA:27,0
DA:28,0
DA:29,0
DA:30,0
DA:32,0
LF:16
LH:3
BRDA:13,0,0,0
BRDA:13,0,1,0
BRDA:17,1,0,0
BRDA:17,1,1,0
BRDA:29,2,0,0
BRDA:29,2,1,0
BRF:6
BRH:0
end_of_record
