TN:
SF:src/db/init.js
FN:3,initDatabase
FN:5,(anonymous_1)
FNF:2
FNH:2
FNDA:1,initDatabase
FNDA:1,(anonymous_1)
DA:4,1
DA:5,1
DA:6,1
DA:8,1
DA:9,1
LF:5
LH:5
BRF:0
BRH:0
end_of_record
TN:
SF:src/db/models/post.js
FNF:0
FNH:0
DA:3,1
DA:13,1
LF:2
LH:2
BRF:0
BRH:0
end_of_record
TN:
SF:src/db/models/user.js
FNF:0
FNH:0
DA:2,1
DA:6,1
LF:2
LH:2
BRF:0
BRH:0
end_of_record
TN:
SF:src/services/posts.js
FN:4,createPost
FN:9,listPosts
FN:16,listAllPosts
FN:20,listPostsByAuthor
FN:26,listPostsByTag
FN:30,getPostById
FN:34,updatePost
FN:42,deletePost
FNF:8
FNH:8
FNDA:3,createPost
FNDA:5,listPosts
FNDA:3,listAllPosts
FNDA:1,listPostsByAuthor
FNDA:1,listPostsByTag
FNDA:2,getPostById
FNDA:4,updatePost
FNDA:2,deletePost
DA:5,3
DA:6,3
DA:13,5
DA:17,3
DA:21,1
DA:22,1
DA:23,1
DA:27,1
DA:31,2
DA:35,4
DA:43,2
LF:11
LH:11
BRDA:10,0,0,0
BRDA:11,1,0,4
BRDA:11,2,0,4
BRDA:11,3,0,4
BRDA:22,4,0,0
BRDA:22,4,1,1
BRF:6
BRH:4
end_of_record
TN:
SF:src/services/users.js
FN:5,createUser
FN:11,loginUser
FN:26,getUserInfoById
FNF:3
FNH:1
FNDA:1,createUser
FNDA:0,loginUser
FNDA:0,getUserInfoById
DA:6,1
DA:7,1
DA:8,1
DA:12,0
DA:13,0
DA:14,0
DA:16,0
DA:17,0
DA:18,0
DA:20,0
DA:23,0
DA:27,0
DA:28,0
DA:29,0
DA:30,0
DA:32,0
LF:16
LH:3
BRDA:13,0,0,0
BRDA:13,0,1,0
BRDA:17,1,0,0
BRDA:17,1,1,0
BRDA:29,2,0,0
BRDA:29,2,1,0
BRF:6
BRH:0
end_of_record
